android/app/build/intermediates/manifest_merge_blame_file/debug/processDebugMainManifest/manifest-merger-blame-debug-report.txt
1<?xml version="1.0" encoding="utf-8"?>
2<manifest xmlns:android="http://schemas.android.com/apk/res/android"
3    package="com.devicelens.app"
4    android:versionCode="1"
5    android:versionName="1.0.0" >
6
7    <uses-sdk
8        android:minSdkVersion="26"
9        android:targetSdkVersion="34" />
10
11    <!--
12         INTERNET is required for local-network socket operations: mDNS, SSDP, ping, port scan.
13         No data ever leaves the device or reaches the internet.
14    -->
15    <uses-permission android:name="android.permission.INTERNET" />
15-->src/main/AndroidManifest.xml:7:5-67
15-->src/main/AndroidManifest.xml:7:22-64
16    <uses-permission android:name="android.permission.ACCESS_NETWORK_STATE" />
16-->src/main/AndroidManifest.xml:8:5-79
16-->src/main/AndroidManifest.xml:8:22-76
17
18    <!-- Location (required for Wi-Fi and BLE scanning) -->
19    <uses-permission android:name="android.permission.ACCESS_FINE_LOCATION" />
19-->src/main/AndroidManifest.xml:11:5-79
19-->src/main/AndroidManifest.xml:11:22-76
20    <uses-permission android:name="android.permission.ACCESS_COARSE_LOCATION" />
20-->src/main/AndroidManifest.xml:12:5-81
20-->src/main/AndroidManifest.xml:12:22-78
21
22    <!-- Wi-Fi -->
23    <uses-permission android:name="android.permission.ACCESS_WIFI_STATE" />
23-->src/main/AndroidManifest.xml:15:5-76
23-->src/main/AndroidManifest.xml:15:22-73
24    <uses-permission android:name="android.permission.CHANGE_WIFI_STATE" />
24-->src/main/AndroidManifest.xml:16:5-76
24-->src/main/AndroidManifest.xml:16:22-73
25    <uses-permission
25-->src/main/AndroidManifest.xml:17:5-19:38
26        android:name="android.permission.NEARBY_WIFI_DEVICES"
26-->src/main/AndroidManifest.xml:17:22-75
27        android:minSdkVersion="33" />
27-->src/main/AndroidManifest.xml:18:9-35
28
29    <!-- Bluetooth (pre-API 31) -->
30    <uses-permission
30-->src/main/AndroidManifest.xml:22:5-23:38
31        android:name="android.permission.BLUETOOTH"
31-->src/main/AndroidManifest.xml:22:22-65
32        android:maxSdkVersion="30" />
32-->src/main/AndroidManifest.xml:23:9-35
33    <uses-permission
33-->src/main/AndroidManifest.xml:24:5-25:38
34        android:name="android.permission.BLUETOOTH_ADMIN"
34-->src/main/AndroidManifest.xml:24:22-71
35        android:maxSdkVersion="30" />
35-->src/main/AndroidManifest.xml:25:9-35
36
37    <!-- Bluetooth (API 31+) -->
38    <uses-permission
38-->src/main/AndroidManifest.xml:28:5-30:31
39        android:name="android.permission.BLUETOOTH_SCAN"
39-->src/main/AndroidManifest.xml:28:22-70
40        android:minSdkVersion="31" />
40-->src/main/AndroidManifest.xml:29:9-35
41    <uses-permission
41-->src/main/AndroidManifest.xml:31:5-33:31
42        android:name="android.permission.BLUETOOTH_CONNECT"
42-->src/main/AndroidManifest.xml:31:22-73
43        android:minSdkVersion="31" />
43-->src/main/AndroidManifest.xml:32:9-35
44
45    <!-- Camera — only for Locate Mode -->
46    <uses-permission android:name="android.permission.CAMERA" />
46-->src/main/AndroidManifest.xml:36:5-65
46-->src/main/AndroidManifest.xml:36:22-62
47
48    <uses-feature
48-->src/main/AndroidManifest.xml:37:5-85
49        android:name="android.hardware.camera"
49-->src/main/AndroidManifest.xml:37:19-57
50        android:required="false" />
50-->src/main/AndroidManifest.xml:37:58-82
51
52    <!-- Notifications (API 33+) -->
53    <uses-permission
53-->src/main/AndroidManifest.xml:40:5-41:38
54        android:name="android.permission.POST_NOTIFICATIONS"
54-->src/main/AndroidManifest.xml:40:22-74
55        android:minSdkVersion="33" />
55-->src/main/AndroidManifest.xml:41:9-35
56
57    <!-- Background work -->
58    <uses-permission android:name="android.permission.FOREGROUND_SERVICE" />
58-->src/main/AndroidManifest.xml:44:5-77
58-->src/main/AndroidManifest.xml:44:22-74
59    <uses-permission android:name="android.permission.RECEIVE_BOOT_COMPLETED" />
59-->src/main/AndroidManifest.xml:45:5-81
59-->src/main/AndroidManifest.xml:45:22-78
60    <uses-permission android:name="android.permission.WAKE_LOCK" />
60-->[androidx.work:work-runtime:2.9.0] AndroidManifest.xml:23:5-68
60-->[androidx.work:work-runtime:2.9.0] AndroidManifest.xml:23:22-65
61
62    <permission
62-->[androidx.core:core:1.13.0] AndroidManifest.xml:22:5-24:47
63        android:name="com.devicelens.app.DYNAMIC_RECEIVER_NOT_EXPORTED_PERMISSION"
63-->[androidx.core:core:1.13.0] AndroidManifest.xml:23:9-81
64        android:protectionLevel="signature" />
64-->[androidx.core:core:1.13.0] AndroidManifest.xml:24:9-44
65
66    <uses-permission android:name="com.devicelens.app.DYNAMIC_RECEIVER_NOT_EXPORTED_PERMISSION" />
66-->[androidx.core:core:1.13.0] AndroidManifest.xml:26:5-97
66-->[androidx.core:core:1.13.0] AndroidManifest.xml:26:22-94
67
68    <application
68-->src/main/AndroidManifest.xml:47:5-77:19
69        android:name="com.devicelens.app.DeviceLensApplication"
69-->src/main/AndroidManifest.xml:48:9-46
70        android:allowBackup="false"
70-->src/main/AndroidManifest.xml:53:9-36
71        android:appComponentFactory="androidx.core.app.CoreComponentFactory"
71-->[androidx.core:core:1.13.0] AndroidManifest.xml:28:18-86
72        android:debuggable="true"
73        android:extractNativeLibs="false"
74        android:fullBackupContent="false"
74-->src/main/AndroidManifest.xml:54:9-42
75        android:icon="@mipmap/ic_launcher"
75-->src/main/AndroidManifest.xml:50:9-43
76        android:label="@string/app_name"
76-->src/main/AndroidManifest.xml:49:9-41
77        android:networkSecurityConfig="@xml/network_security_config"
77-->src/main/AndroidManifest.xml:52:9-69
78        android:roundIcon="@mipmap/ic_launcher_round"
78-->src/main/AndroidManifest.xml:51:9-54
79        android:supportsRtl="true"
79-->src/main/AndroidManifest.xml:55:9-35
80        android:theme="@style/Theme.DeviceLens" >
80-->src/main/AndroidManifest.xml:56:9-48
81        <activity
81-->src/main/AndroidManifest.xml:59:9-66:20
82            android:name="com.devicelens.app.MainActivity"
82-->src/main/AndroidManifest.xml:59:19-47
83            android:exported="true"
83-->src/main/AndroidManifest.xml:60:13-36
84            android:theme="@style/Theme.DeviceLens" >
84-->src/main/AndroidManifest.xml:61:13-52
85            <intent-filter>
85-->src/main/AndroidManifest.xml:62:13-65:29
86                <action android:name="android.intent.action.MAIN" />
86-->src/main/AndroidManifest.xml:63:17-69
86-->src/main/AndroidManifest.xml:63:25-66
87
88                <category android:name="android.intent.category.LAUNCHER" />
88-->src/main/AndroidManifest.xml:64:17-77
88-->src/main/AndroidManifest.xml:64:27-74
89            </intent-filter>
90        </activity>
91
92        <provider
93            android:name="androidx.startup.InitializationProvider"
93-->src/main/AndroidManifest.xml:69:13-67
94            android:authorities="com.devicelens.app.androidx-startup"
94-->src/main/AndroidManifest.xml:70:13-68
95            android:exported="false" >
95-->src/main/AndroidManifest.xml:71:13-37
96            <meta-data
96-->src/main/AndroidManifest.xml:73:13-74:52
97                android:name="androidx.work.WorkManagerInitializer"
97-->src/main/AndroidManifest.xml:73:24-75
98                android:value="androidx.startup" />
98-->src/main/AndroidManifest.xml:74:17-49
99            <meta-data
99-->[androidx.emoji2:emoji2:1.3.0] AndroidManifest.xml:29:13-31:52
100                android:name="androidx.emoji2.text.EmojiCompatInitializer"
100-->[androidx.emoji2:emoji2:1.3.0] AndroidManifest.xml:30:17-75
101                android:value="androidx.startup" />
101-->[androidx.emoji2:emoji2:1.3.0] AndroidManifest.xml:31:17-49
102            <meta-data
102-->[androidx.lifecycle:lifecycle-process:2.7.0] AndroidManifest.xml:29:13-31:52
103                android:name="androidx.lifecycle.ProcessLifecycleInitializer"
103-->[androidx.lifecycle:lifecycle-process:2.7.0] AndroidManifest.xml:30:17-78
104                android:value="androidx.startup" />
104-->[androidx.lifecycle:lifecycle-process:2.7.0] AndroidManifest.xml:31:17-49
105            <meta-data
105-->[androidx.profileinstaller:profileinstaller:1.3.1] AndroidManifest.xml:29:13-31:52
106                android:name="androidx.profileinstaller.ProfileInstallerInitializer"
106-->[androidx.profileinstaller:profileinstaller:1.3.1] AndroidManifest.xml:30:17-85
107                android:value="androidx.startup" />
107-->[androidx.profileinstaller:profileinstaller:1.3.1] AndroidManifest.xml:31:17-49
108        </provider>
109
110        <!--
111        Service for holding metadata. Cannot be instantiated.
112        Metadata will be merged from other manifests.
113        -->
114        <service
114-->[androidx.camera:camera-core:1.3.3] AndroidManifest.xml:29:9-33:78
115            android:name="androidx.camera.core.impl.MetadataHolderService"
115-->[androidx.camera:camera-core:1.3.3] AndroidManifest.xml:30:13-75
116            android:enabled="false"
116-->[androidx.camera:camera-core:1.3.3] AndroidManifest.xml:31:13-36
117            android:exported="false" >
117-->[androidx.camera:camera-core:1.3.3] AndroidManifest.xml:32:13-37
118            <meta-data
118-->[androidx.camera:camera-camera2:1.3.3] AndroidManifest.xml:30:13-32:89
119                android:name="androidx.camera.core.impl.MetadataHolderService.DEFAULT_CONFIG_PROVIDER"
119-->[androidx.camera:camera-camera2:1.3.3] AndroidManifest.xml:31:17-103
120                android:value="androidx.camera.camera2.Camera2Config$DefaultProvider" />
120-->[androidx.camera:camera-camera2:1.3.3] AndroidManifest.xml:32:17-86
121        </service>
122
123        <activity
123-->[androidx.compose.ui:ui-tooling-android:1.6.5] AndroidManifest.xml:23:9-25:39
124            android:name="androidx.compose.ui.tooling.PreviewActivity"
124-->[androidx.compose.ui:ui-tooling-android:1.6.5] AndroidManifest.xml:24:13-71
125            android:exported="true" />
125-->[androidx.compose.ui:ui-tooling-android:1.6.5] AndroidManifest.xml:25:13-36
126
127        <service
127-->[androidx.work:work-runtime:2.9.0] AndroidManifest.xml:39:9-45:35
128            android:name="androidx.work.impl.background.systemalarm.SystemAlarmService"
128-->[androidx.work:work-runtime:2.9.0] AndroidManifest.xml:40:13-88
129            android:directBootAware="false"
129-->[androidx.work:work-runtime:2.9.0] AndroidManifest.xml:41:13-44
130            android:enabled="@bool/enable_system_alarm_service_default"
130-->[androidx.work:work-runtime:2.9.0] AndroidManifest.xml:42:13-72
131            android:exported="false" />
131-->[androidx.work:work-runtime:2.9.0] AndroidManifest.xml:43:13-37
132        <service
132-->[androidx.work:work-runtime:2.9.0] AndroidManifest.xml:46:9-52:35
133            android:name="androidx.work.impl.background.systemjob.SystemJobService"
133-->[androidx.work:work-runtime:2.9.0] AndroidManifest.xml:47:13-84
134            android:directBootAware="false"
134-->[androidx.work:work-runtime:2.9.0] AndroidManifest.xml:48:13-44
135            android:enabled="@bool/enable_system_job_service_default"
135-->[androidx.work:work-runtime:2.9.0] AndroidManifest.xml:49:13-70
136            android:exported="true"
136-->[androidx.work:work-runtime:2.9.0] AndroidManifest.xml:50:13-36
137            android:permission="android.permission.BIND_JOB_SERVICE" />
137-->[androidx.work:work-runtime:2.9.0] AndroidManifest.xml:51:13-69
138        <service
138-->[androidx.work:work-runtime:2.9.0] AndroidManifest.xml:53:9-59:35
139            android:name="androidx.work.impl.foreground.SystemForegroundService"
139-->[androidx.work:work-runtime:2.9.0] AndroidManifest.xml:54:13-81
140            android:directBootAware="false"
140-->[androidx.work:work-runtime:2.9.0] AndroidManifest.xml:55:13-44
141            android:enabled="@bool/enable_system_foreground_service_default"
141-->[androidx.work:work-runtime:2.9.0] AndroidManifest.xml:56:13-77
142            android:exported="false" />
142-->[androidx.work:work-runtime:2.9.0] AndroidManifest.xml:57:13-37
143
144        <receiver
144-->[androidx.work:work-runtime:2.9.0] AndroidManifest.xml:61:9-66:35
145            android:name="androidx.work.impl.utils.ForceStopRunnable$BroadcastReceiver"
145-->[androidx.work:work-runtime:2.9.0] AndroidManifest.xml:62:13-88
146            android:directBootAware="false"
146-->[androidx.work:work-runtime:2.9.0] AndroidManifest.xml:63:13-44
147            android:enabled="true"
147-->[androidx.work:work-runtime:2.9.0] AndroidManifest.xml:64:13-35
148            android:exported="false" />
148-->[androidx.work:work-runtime:2.9.0] AndroidManifest.xml:65:13-37
149        <receiver
149-->[androidx.work:work-runtime:2.9.0] AndroidManifest.xml:67:9-77:20
150            android:name="androidx.work.impl.background.systemalarm.ConstraintProxy$BatteryChargingProxy"
150-->[androidx.work:work-runtime:2.9.0] AndroidManifest.xml:68:13-106
151            android:directBootAware="false"
151-->[androidx.work:work-runtime:2.9.0] AndroidManifest.xml:69:13-44
152            android:enabled="false"
152-->[androidx.work:work-runtime:2.9.0] AndroidManifest.xml:70:13-36
153            android:exported="false" >
153-->[androidx.work:work-runtime:2.9.0] AndroidManifest.xml:71:13-37
154            <intent-filter>
154-->[androidx.work:work-runtime:2.9.0] AndroidManifest.xml:73:13-76:29
155                <action android:name="android.intent.action.ACTION_POWER_CONNECTED" />
155-->[androidx.work:work-runtime:2.9.0] AndroidManifest.xml:74:17-87
155-->[androidx.work:work-runtime:2.9.0] AndroidManifest.xml:74:25-84
156                <action android:name="android.intent.action.ACTION_POWER_DISCONNECTED" />
156-->[androidx.work:work-runtime:2.9.0] AndroidManifest.xml:75:17-90
156-->[androidx.work:work-runtime:2.9.0] AndroidManifest.xml:75:25-87
157            </intent-filter>
158        </receiver>
159        <receiver
159-->[androidx.work:work-runtime:2.9.0] AndroidManifest.xml:78:9-88:20
160            android:name="androidx.work.impl.background.systemalarm.ConstraintProxy$BatteryNotLowProxy"
160-->[androidx.work:work-runtime:2.9.0] AndroidManifest.xml:79:13-104
161            android:directBootAware="false"
161-->[androidx.work:work-runtime:2.9.0] AndroidManifest.xml:80:13-44
162            android:enabled="false"
162-->[androidx.work:work-runtime:2.9.0] AndroidManifest.xml:81:13-36
163            android:exported="false" >
163-->[androidx.work:work-runtime:2.9.0] AndroidManifest.xml:82:13-37
164            <intent-filter>
164-->[androidx.work:work-runtime:2.9.0] AndroidManifest.xml:84:13-87:29
165                <action android:name="android.intent.action.BATTERY_OKAY" />
165-->[androidx.work:work-runtime:2.9.0] AndroidManifest.xml:85:17-77
165-->[androidx.work:work-runtime:2.9.0] AndroidManifest.xml:85:25-74
166                <action android:name="android.intent.action.BATTERY_LOW" />
166-->[androidx.work:work-runtime:2.9.0] AndroidManifest.xml:86:17-76
166-->[androidx.work:work-runtime:2.9.0] AndroidManifest.xml:86:25-73
167            </intent-filter>
168        </receiver>
169        <receiver
169-->[androidx.work:work-runtime:2.9.0] AndroidManifest.xml:89:9-99:20
170            android:name="androidx.work.impl.background.systemalarm.ConstraintProxy$StorageNotLowProxy"
170-->[androidx.work:work-runtime:2.9.0] AndroidManifest.xml:90:13-104
171            android:directBootAware="false"
171-->[androidx.work:work-runtime:2.9.0] AndroidManifest.xml:91:13-44
172            android:enabled="false"
172-->[androidx.work:work-runtime:2.9.0] AndroidManifest.xml:92:13-36
173            android:exported="false" >
173-->[androidx.work:work-runtime:2.9.0] AndroidManifest.xml:93:13-37
174            <intent-filter>
174-->[androidx.work:work-runtime:2.9.0] AndroidManifest.xml:95:13-98:29
175                <action android:name="android.intent.action.DEVICE_STORAGE_LOW" />
175-->[androidx.work:work-runtime:2.9.0] AndroidManifest.xml:96:17-83
175-->[androidx.work:work-runtime:2.9.0] AndroidManifest.xml:96:25-80
176                <action android:name="android.intent.action.DEVICE_STORAGE_OK" />
176-->[androidx.work:work-runtime:2.9.0] AndroidManifest.xml:97:17-82
176-->[androidx.work:work-runtime:2.9.0] AndroidManifest.xml:97:25-79
177            </intent-filter>
178        </receiver>
179        <receiver
179-->[androidx.work:work-runtime:2.9.0] AndroidManifest.xml:100:9-109:20
180            android:name="androidx.work.impl.background.systemalarm.ConstraintProxy$NetworkStateProxy"
180-->[androidx.work:work-runtime:2.9.0] AndroidManifest.xml:101:13-103
181            android:directBootAware="false"
181-->[androidx.work:work-runtime:2.9.0] AndroidManifest.xml:102:13-44
182            android:enabled="false"
182-->[androidx.work:work-runtime:2.9.0] AndroidManifest.xml:103:13-36
183            android:exported="false" >
183-->[androidx.work:work-runtime:2.9.0] AndroidManifest.xml:104:13-37
184            <intent-filter>
184-->[androidx.work:work-runtime:2.9.0] AndroidManifest.xml:106:13-108:29
185                <action android:name="android.net.conn.CONNECTIVITY_CHANGE" />
185-->[androidx.work:work-runtime:2.9.0] AndroidManifest.xml:107:17-79
185-->[androidx.work:work-runtime:2.9.0] AndroidManifest.xml:107:25-76
186            </intent-filter>
187        </receiver>
188        <receiver
188-->[androidx.work:work-runtime:2.9.0] AndroidManifest.xml:110:9-121:20
189            android:name="androidx.work.impl.background.systemalarm.RescheduleReceiver"
189-->[androidx.work:work-runtime:2.9.0] AndroidManifest.xml:111:13-88
190            android:directBootAware="false"
190-->[androidx.work:work-runtime:2.9.0] AndroidManifest.xml:112:13-44
191            android:enabled="false"
191-->[androidx.work:work-runtime:2.9.0] AndroidManifest.xml:113:13-36
192            android:exported="false" >
192-->[androidx.work:work-runtime:2.9.0] AndroidManifest.xml:114:13-37
193            <intent-filter>
193-->[androidx.work:work-runtime:2.9.0] AndroidManifest.xml:116:13-120:29
194                <action android:name="android.intent.action.BOOT_COMPLETED" />
194-->[androidx.work:work-runtime:2.9.0] AndroidManifest.xml:117:17-79
194-->[androidx.work:work-runtime:2.9.0] AndroidManifest.xml:117:25-76
195                <action android:name="android.intent.action.TIME_SET" />
195-->[androidx.work:work-runtime:2.9.0] AndroidManifest.xml:118:17-73
195-->[androidx.work:work-runtime:2.9.0] AndroidManifest.xml:118:25-70
196                <action android:name="android.intent.action.TIMEZONE_CHANGED" />
196-->[androidx.work:work-runtime:2.9.0] AndroidManifest.xml:119:17-81
196-->[androidx.work:work-runtime:2.9.0] AndroidManifest.xml:119:25-78
197            </intent-filter>
198        </receiver>
199        <receiver
199-->[androidx.work:work-runtime:2.9.0] AndroidManifest.xml:122:9-131:20
200            android:name="androidx.work.impl.background.systemalarm.ConstraintProxyUpdateReceiver"
200-->[androidx.work:work-runtime:2.9.0] AndroidManifest.xml:123:13-99
201            android:directBootAware="false"
201-->[androidx.work:work-runtime:2.9.0] AndroidManifest.xml:124:13-44
202            android:enabled="@bool/enable_system_alarm_service_default"
202-->[androidx.work:work-runtime:2.9.0] AndroidManifest.xml:125:13-72
203            android:exported="false" >
203-->[androidx.work:work-runtime:2.9.0] AndroidManifest.xml:126:13-37
204            <intent-filter>
204-->[androidx.work:work-runtime:2.9.0] AndroidManifest.xml:128:13-130:29
205                <action android:name="androidx.work.impl.background.systemalarm.UpdateProxies" />
205-->[androidx.work:work-runtime:2.9.0] AndroidManifest.xml:129:17-98
205-->[androidx.work:work-runtime:2.9.0] AndroidManifest.xml:129:25-95
206            </intent-filter>
207        </receiver>
208        <receiver
208-->[androidx.work:work-runtime:2.9.0] AndroidManifest.xml:132:9-142:20
209            android:name="androidx.work.impl.diagnostics.DiagnosticsReceiver"
209-->[androidx.work:work-runtime:2.9.0] AndroidManifest.xml:133:13-78
210            android:directBootAware="false"
210-->[androidx.work:work-runtime:2.9.0] AndroidManifest.xml:134:13-44
211            android:enabled="true"
211-->[androidx.work:work-runtime:2.9.0] AndroidManifest.xml:135:13-35
212            android:exported="true"
212-->[androidx.work:work-runtime:2.9.0] AndroidManifest.xml:136:13-36
213            android:permission="android.permission.DUMP" >
213-->[androidx.work:work-runtime:2.9.0] AndroidManifest.xml:137:13-57
214            <intent-filter>
214-->[androidx.work:work-runtime:2.9.0] AndroidManifest.xml:139:13-141:29
215                <action android:name="androidx.work.diagnostics.REQUEST_DIAGNOSTICS" />
215-->[androidx.work:work-runtime:2.9.0] AndroidManifest.xml:140:17-88
215-->[androidx.work:work-runtime:2.9.0] AndroidManifest.xml:140:25-85
216            </intent-filter>
217        </receiver>
218
219        <service
219-->[androidx.room:room-runtime:2.6.1] AndroidManifest.xml:24:9-28:63
220            android:name="androidx.room.MultiInstanceInvalidationService"
220-->[androidx.room:room-runtime:2.6.1] AndroidManifest.xml:25:13-74
221            android:directBootAware="true"
221-->[androidx.room:room-runtime:2.6.1] AndroidManifest.xml:26:13-43
222            android:exported="false" />
222-->[androidx.room:room-runtime:2.6.1] AndroidManifest.xml:27:13-37
223
224        <receiver
224-->[androidx.profileinstaller:profileinstaller:1.3.1] AndroidManifest.xml:34:9-52:20
225            android:name="androidx.profileinstaller.ProfileInstallReceiver"
225-->[androidx.profileinstaller:profileinstaller:1.3.1] AndroidManifest.xml:35:13-76
226            android:directBootAware="false"
226-->[androidx.profileinstaller:profileinstaller:1.3.1] AndroidManifest.xml:36:13-44
227            android:enabled="true"
227-->[androidx.profileinstaller:profileinstaller:1.3.1] AndroidManifest.xml:37:13-35
228            android:exported="true"
228-->[androidx.profileinstaller:profileinstaller:1.3.1] AndroidManifest.xml:38:13-36
229            android:permission="android.permission.DUMP" >
229-->[androidx.profileinstaller:profileinstaller:1.3.1] AndroidManifest.xml:39:13-57
230            <intent-filter>
230-->[androidx.profileinstaller:profileinstaller:1.3.1] AndroidManifest.xml:40:13-42:29
231                <action android:name="androidx.profileinstaller.action.INSTALL_PROFILE" />
231-->[androidx.profileinstaller:profileinstaller:1.3.1] AndroidManifest.xml:41:17-91
231-->[androidx.profileinstaller:profileinstaller:1.3.1] AndroidManifest.xml:41:25-88
232            </intent-filter>
233            <intent-filter>
233-->[androidx.profileinstaller:profileinstaller:1.3.1] AndroidManifest.xml:43:13-45:29
234                <action android:name="androidx.profileinstaller.action.SKIP_FILE" />
234-->[androidx.profileinstaller:profileinstaller:1.3.1] AndroidManifest.xml:44:17-85
234-->[androidx.profileinstaller:profileinstaller:1.3.1] AndroidManifest.xml:44:25-82
235            </intent-filter>
236            <intent-filter>
236-->[androidx.profileinstaller:profileinstaller:1.3.1] AndroidManifest.xml:46:13-48:29
237                <action android:name="androidx.profileinstaller.action.SAVE_PROFILE" />
237-->[androidx.profileinstaller:profileinstaller:1.3.1] AndroidManifest.xml:47:17-88
237-->[androidx.profileinstaller:profileinstaller:1.3.1] AndroidManifest.xml:47:25-85
238            </intent-filter>
239            <intent-filter>
239-->[androidx.profileinstaller:profileinstaller:1.3.1] AndroidManifest.xml:49:13-51:29
240                <action android:name="androidx.profileinstaller.action.BENCHMARK_OPERATION" />
240-->[androidx.profileinstaller:profileinstaller:1.3.1] AndroidManifest.xml:50:17-95
240-->[androidx.profileinstaller:profileinstaller:1.3.1] AndroidManifest.xml:50:25-92
241            </intent-filter>
242        </receiver>
243    </application>
244
245</manifest>